<?xml version="1.0" encoding="UTF-8"?>
<testsuite xmlns:xsi="http://www.w3.org/2001/XMLSchema-instance" xsi:noNamespaceSchemaLocation="https://maven.apache.org/surefire/maven-surefire-plugin/xsd/surefire-test-report-3.0.xsd" version="3.0" name="br.edu.ifsp.complementary.ComplementaryApplicationTests" time="2.083" tests="1" errors="0" skipped="0" failures="0">
  <properties>
[...]
</properties>
  <testcase name="contextLoads" classname="br.edu.ifsp.complementary.ComplementaryApplicationTests" time="0.647">
    <system-out><![CDATA[00:32:38.450 [main] INFO org.springframework.test.context.support.AnnotationConfigContextLoaderUtils -- Could not detect default configuration classes for test class [br.edu.ifsp.complementary.ComplementaryApplicationTests]: ComplementaryApplicationTests does not declare any static, non-private, non-final, nested classes annotated with @Configuration.
00:32:38.536 [main] INFO org.springframework.boot.test.context.SpringBootTestContextBootstrapper -- Found @SpringBootConfiguration br.edu.ifsp.complementary.ComplementaryApplication for test class br.edu.ifsp.complementary.ComplementaryApplicationTests

  .   ____          _            __ _ _
 /\\ / ___'_ __ _ _(_)_ __  __ _ \ \ \ \
( ( )\___ | '_ | '_| | '_ \/ _` | \ \ \ \
 \\/  ___)| |_)| | | | | || (_| |  ) ) ) )
  '  |____| .__|_| |_|_| |_\__, | / / / /
 =========|_|==============|___/=/_/_/_/

 :: Spring Boot ::                (v3.3.2)

2024-07-23T00:32:38.848-03:00  INFO 11285 --- [complementary] [           main] b.e.i.c.ComplementaryApplicationTests    : Starting ComplementaryApplicationTests using Java 17.0.11 with PID 11285 (started by thiago in /home/thiago/Documentos/complementary)
2024-07-23T00:32:38.849-03:00  INFO 11285 --- [complementary] [           main] b.e.i.c.ComplementaryApplicationTests    : No active profile set, falling back to 1 default profile: "default"
2024-07-23T00:32:39.746-03:00  INFO 11285 --- [complementary] [           main] b.e.i.c.ComplementaryApplicationTests    : Started ComplementaryApplicationTests in 1.112 seconds (process running for 1.832)
]]></system-out>
  </testcase>
</testsuite>